Traceback (most recent call last):
  File "/opt/hostedtoolcache/Python/3.9.18/x64/lib/python3.9/site-packages/jupyter_cache/executors/utils.py", line 58, in single_nb_execution
    executenb(
  File "/opt/hostedtoolcache/Python/3.9.18/x64/lib/python3.9/site-packages/nbclient/client.py", line 1305, in execute
    return NotebookClient(nb=nb, resources=resources, km=km, **kwargs).execute()
  File "/opt/hostedtoolcache/Python/3.9.18/x64/lib/python3.9/site-packages/jupyter_core/utils/__init__.py", line 166, in wrapped
    return loop.run_until_complete(inner)
  File "/opt/hostedtoolcache/Python/3.9.18/x64/lib/python3.9/asyncio/base_events.py", line 647, in run_until_complete
    return future.result()
  File "/opt/hostedtoolcache/Python/3.9.18/x64/lib/python3.9/site-packages/nbclient/client.py", line 705, in async_execute
    await self.async_execute_cell(
  File "/opt/hostedtoolcache/Python/3.9.18/x64/lib/python3.9/site-packages/nbclient/client.py", line 1058, in async_execute_cell
    await self._check_raise_for_error(cell, cell_index, exec_reply)
  File "/opt/hostedtoolcache/Python/3.9.18/x64/lib/python3.9/site-packages/nbclient/client.py", line 914, in _check_raise_for_error
    raise CellExecutionError.from_cell_and_msg(cell, exec_reply_content)
nbclient.exceptions.CellExecutionError: An error occurred while executing the following cell:
------------------
using Symbolics

L = 4
# generate W matrices
@variables A[1:L] B[1:L] C[1:L] D[1:L]
Ws = map(1:L) do l
    return [1 C[l] D[l]
            0 A[l] B[l]
            0 0    1]
end

# generate boundary vectors
Vₗ = [1, 0, 0]'
Vᵣ = [0, 0, 1]

# expand the MPO
expand(Vₗ * prod(W) * Vᵣ)
------------------

----- stderr -----
[36m[1m[ [22m[39m[36m[1mInfo: [22m[39mPrecompiling Symbolics [0c5d862f-8b57-4792-8d23-62f2024744c7]
----- stderr -----
[36m[1m[ [22m[39m[36m[1mInfo: [22m[39mPrecompiling BangBangStaticArraysExt [a9f1882a-14fa-573e-a12d-824431257a23]
----- stderr -----
[36m[1m[ [22m[39m[36m[1mInfo: [22m[39mPrecompiling AccessorsStaticArraysExt [91548973-bbcf-5128-ac3c-c8b871e934a5]
----- stderr -----
[36m[1m[ [22m[39m[36m[1mInfo: [22m[39mPrecompiling AccessorsIntervalSetsExt [727f68c9-d1d4-5b40-b284-36502e629768]
----- stderr -----
[36m[1m[ [22m[39m[36m[1mInfo: [22m[39mPrecompiling LogExpFunctionsInverseFunctionsExt [1e5f9c58-a15c-5ce5-87cf-a68a2eda25d9]
----- stderr -----
[36m[1m[ [22m[39m[36m[1mInfo: [22m[39mPrecompiling StatsFunsInverseFunctionsExt [da3fed98-1718-55bb-8128-3e4a2e454b06]
------------------

UndefVarError: `W` not defined

Stacktrace:
 [1] top-level scope
   @ In[4]:17

